
 -----------------------------------------------
      Restrained ESP Fit 2.3  Amber 4.1
 -----------------------------------------------
 Resp charges for organic molecule                                               
 -----------------------------------------------


 inopt       =     0   ioutopt     =     1
 nmol        =     1   iqopt       =     2
 ihfree      =     1   irstrnt     =     1
 iunits      =     0   qwt         =   0.00100000
 wtmol(1) =     1.000000
 subtitle:

Resp charges for organic molecule                                               
ich =   0  iuniq =  36
    1    6  -99
    2    7  -99
    3    6  -99
    4    6    0
    5    6  -99
    6    6  -99
    7    7  -99
    8    6  -99
    9    6  -99
   10    6  -99
   11    6  -99
   12    6  -99
   13    6  -99
   14    8  -99
   15    9  -99
   16    6  -99
   17    8  -99
   18    6    0
   19    7  -99
   20    6    0
   21    1  -99
   22    1  -99
   23    1    0
   24    1   23
   25    1  -99
   26    1  -99
   27    1  -99
   28    1  -99
   29    1  -99
   30    1    0
   31    1   30
   32    1   30
   33    1  -99
   34    1    0
   35    1   34
   36    1   34
 new q0 values to be read  36

  ----------------------------------------------------------------------------
     ATOM                       COORDINATES                         CHARGE
                       X             Y                Z
  ----------------------------------------------------------------------------
  ----------------------------------------------------------------------------


 Charge on the molecule(ich) =    0
 Total number of atoms (iuniq)     =   36
 Weight factor on initial charge restraints(qwt)=     0.10000D-02


  there are  1 charge constraints:


     1       1
     2       1
     3       1
     4       1
     5       1
     6       1
     7       1
     8       1
     9       1
    10       1
    11       1
    12       1
    13       1
    14       1
    15       1
    16       1
    17       1
    18       1
    19       1
    20       1
    21       1
    22       1
    23       1
    24       1
    25       1
    26       1
    27       1
    28       1
    29       1
    30       1
    31       1
    32       1
    33       1
    34       1
    35       1
    36       1

 Reading esp"s for molecule   1
 total number of atoms      =    36
 total number of esp points =  1507


 center     X       Y       Z 
    1   0.1105206E+02   0.1041239E+01   0.1486080E+01
    2   0.6891642E+01  -0.6995766E+00   0.2168083E+01
    3   0.9331656E+01  -0.3174740E+00   0.3366925E+01
    4   0.1058209E+02  -0.2883722E+01   0.4087666E+01
    5   0.8999820E+01  -0.4439722E+01   0.5836797E+01
    6   0.7272988E+01  -0.6259528E+01   0.5155550E+01
    7   0.6053737E+01  -0.7187006E+01   0.7264863E+01
    8   0.7012962E+01  -0.6001581E+01   0.9383812E+01
    9   0.6428848E+01  -0.6322834E+01   0.1194080E+02
   10   0.7704413E+01  -0.4827683E+01   0.1368899E+02
   11   0.9515904E+01  -0.3082521E+01   0.1284598E+02
   12   0.1013366E+02  -0.2731599E+01   0.1033227E+02
   13   0.8861303E+01  -0.4233175E+01   0.8543640E+01
   14   0.1113389E+02   0.3460088E+00  -0.7502212E+00
   15   0.1071701E+02  -0.1659746E+01   0.1462667E+02
   16   0.4660253E+01  -0.5032340E+00   0.3420971E+01
   17   0.4510587E+01   0.2700418E+00   0.5622124E+01
   18   0.2323985E+01  -0.1199598E+01   0.1916182E+01
   19   0.1250375E+02   0.2921327E+01   0.2400897E+01
   20   0.1429483E+02   0.4256986E+01   0.7840473E+00
   21   0.6935861E+01  -0.1330745E+01   0.3633943E+00
   22   0.9000387E+01   0.8002990E+00   0.5069568E+01
   23   0.1243515E+02  -0.2488769E+01   0.4933130E+01
   24   0.1093849E+02  -0.3911166E+01   0.2324741E+01
   25   0.6811517E+01  -0.6975168E+01   0.3296816E+01
   26   0.4883052E+01  -0.8697275E+01   0.7278280E+01
   27   0.5022703E+01  -0.7687594E+01   0.1255364E+02
   28   0.7333838E+01  -0.4987932E+01   0.1570003E+02
   29   0.1155303E+02  -0.1349453E+01   0.9797284E+01
   30   0.1029145E+01  -0.2231766E+01   0.3152441E+01
   31   0.2732355E+01  -0.2350252E+01   0.2469872E+00
   32   0.1367028E+01   0.5338476E+00   0.1305612E+01
   33   0.1232498E+02   0.3469159E+01   0.4223916E+01
   34   0.1568813E+02   0.2947028E+01  -0.4157397E-02
   35   0.1527428E+02   0.5681461E+01   0.1908812E+01
   36   0.1331728E+02   0.5192400E+01  -0.7814017E+00
 Initial ssvpot =     0.562


 Number of unique UNfrozen centers=    6

 Non-linear optimization requested.
 qchnge =    0.3664544506E-01
 qchnge =    0.1149897296E-02
 qchnge =    0.1046650852E-03
 qchnge =    0.1187702496E-04
 qchnge =    0.1447239138E-05
 qchnge =    0.1799976560E-06

 Convergence in    5 iterations


Resp charges for organic molecule                                               

          Point Charges Before & After Optimization

    no.  At.no.    q(init)       q(opt)     ivary    d(rstr)/dq
    1   6       0.280923       0.280923    -99       0.003354
    2   7      -0.309993      -0.309993    -99       0.003070
    3   6      -0.004929      -0.004929    -99       0.009988
    4   6       0.001683      -0.033521      0       0.009482
    5   6      -0.115870      -0.115870    -99       0.006534
    6   6      -0.203945      -0.203945    -99       0.004403
    7   7      -0.190922      -0.190922    -99       0.004640
    8   6       0.104915       0.104915    -99       0.006899
    9   6      -0.262427      -0.262427    -99       0.003561
   10   6      -0.124945      -0.124945    -99       0.006249
   11   6       0.143641       0.143641    -99       0.005714
   12   6      -0.159073      -0.159073    -99       0.005322
   13   6       0.043003       0.043003    -99       0.009187
   14   8      -0.447062      -0.447062    -99       0.002183
   15   9      -0.163338      -0.163338    -99       0.005221
   16   6       0.459300       0.459300    -99       0.002127
   17   8      -0.476366      -0.476366    -99       0.002054
   18   6      -0.350663      -0.274497      0       0.003423
   19   7      -0.187395      -0.187395    -99       0.004708
   20   6      -0.297972      -0.338630      0       0.002832
   21   1       0.262434       0.262434    -99       0.000000
   22   1       0.074470       0.074470    -99       0.000000
   23   1       0.027620       0.062384      0       0.000000
   24   1       0.069708       0.062384     23       0.000000
   25   1       0.170903       0.170903    -99       0.000000
   26   1       0.289733       0.289733    -99       0.000000
   27   1       0.154822       0.154822    -99       0.000000
   28   1       0.130906       0.130906    -99       0.000000
   29   1       0.126985       0.126985    -99       0.000000
   30   1       0.114829       0.082613      0       0.000000
   31   1       0.081696       0.082613     30       0.000000
   32   1       0.114989       0.082613     30       0.000000
   33   1       0.262073       0.262073    -99       0.000000
   34   1       0.133761       0.138733      0       0.000000
   35   1       0.115692       0.138733     34       0.000000
   36   1       0.130814       0.138733     34       0.000000

 Sum over the calculated charges:     -0.000

        Statistics of the fitting:
  The initial sum of squares (ssvpot)                      0.562
  The residual sum of squares (chipot)                     0.005
  The std err of estimate (sqrt(chipot/N))               0.00174
  ESP relative RMS (SQRT(chipot/ssvpot))                 0.09032

 Center of Mass (Angst.):

 X  =   0.00000      Y  =   0.00000      Z  =   0.00000

 Dipole (Debye):

 X  =   0.20028      Y  =  -1.55799      Z  =  -1.83820

 Dipole Moment (Debye)=   2.41794

 Quadrupole (Debye*Angst.):

 Qxx =  21.79096     QYY =  58.52008     QZZ = -80.31104
 Qxy =  12.26642     QXZ = -40.18106     QYZ = -45.46871
