
 -----------------------------------------------
      Restrained ESP Fit 2.3  Amber 4.1
 -----------------------------------------------
 Resp charges for organic molecule                                               
 -----------------------------------------------


 inopt       =     0   ioutopt     =     1
 nmol        =     1   iqopt       =     0
 ihfree      =     1   irstrnt     =     1
 iunits      =     0   qwt         =   0.00050000
 wtmol(1) =     1.000000
 subtitle:

Resp charges for organic molecule                                               
ich =   0  iuniq =  36
    1    6    0
    2    7    0
    3    6    0
    4    6    0
    5    6    0
    6    6    0
    7    7    0
    8    6    0
    9    6    0
   10    6    0
   11    6    0
   12    6    0
   13    6    0
   14    8    0
   15    9    0
   16    6    0
   17    8    0
   18    6    0
   19    7    0
   20    6    0
   21    1    0
   22    1    0
   23    1    0
   24    1    0
   25    1    0
   26    1    0
   27    1    0
   28    1    0
   29    1    0
   30    1    0
   31    1    0
   32    1    0
   33    1    0
   34    1    0
   35    1    0
   36    1    0

  ----------------------------------------------------------------------------
     ATOM                       COORDINATES                         CHARGE
                       X             Y                Z
  ----------------------------------------------------------------------------
  ----------------------------------------------------------------------------


 Charge on the molecule(ich) =    0
 Total number of atoms (iuniq)     =   36
 Weight factor on initial charge restraints(qwt)=     0.50000D-03


  there are  1 charge constraints:


     1       1
     2       1
     3       1
     4       1
     5       1
     6       1
     7       1
     8       1
     9       1
    10       1
    11       1
    12       1
    13       1
    14       1
    15       1
    16       1
    17       1
    18       1
    19       1
    20       1
    21       1
    22       1
    23       1
    24       1
    25       1
    26       1
    27       1
    28       1
    29       1
    30       1
    31       1
    32       1
    33       1
    34       1
    35       1
    36       1

 Reading esp"s for molecule   1
 total number of atoms      =    36
 total number of esp points =  1507


 center     X       Y       Z 
    1   0.1105206E+02   0.1041239E+01   0.1486080E+01
    2   0.6891642E+01  -0.6995766E+00   0.2168083E+01
    3   0.9331656E+01  -0.3174740E+00   0.3366925E+01
    4   0.1058209E+02  -0.2883722E+01   0.4087666E+01
    5   0.8999820E+01  -0.4439722E+01   0.5836797E+01
    6   0.7272988E+01  -0.6259528E+01   0.5155550E+01
    7   0.6053737E+01  -0.7187006E+01   0.7264863E+01
    8   0.7012962E+01  -0.6001581E+01   0.9383812E+01
    9   0.6428848E+01  -0.6322834E+01   0.1194080E+02
   10   0.7704413E+01  -0.4827683E+01   0.1368899E+02
   11   0.9515904E+01  -0.3082521E+01   0.1284598E+02
   12   0.1013366E+02  -0.2731599E+01   0.1033227E+02
   13   0.8861303E+01  -0.4233175E+01   0.8543640E+01
   14   0.1113389E+02   0.3460088E+00  -0.7502212E+00
   15   0.1071701E+02  -0.1659746E+01   0.1462667E+02
   16   0.4660253E+01  -0.5032340E+00   0.3420971E+01
   17   0.4510587E+01   0.2700418E+00   0.5622124E+01
   18   0.2323985E+01  -0.1199598E+01   0.1916182E+01
   19   0.1250375E+02   0.2921327E+01   0.2400897E+01
   20   0.1429483E+02   0.4256986E+01   0.7840473E+00
   21   0.6935861E+01  -0.1330745E+01   0.3633943E+00
   22   0.9000387E+01   0.8002990E+00   0.5069568E+01
   23   0.1243515E+02  -0.2488769E+01   0.4933130E+01
   24   0.1093849E+02  -0.3911166E+01   0.2324741E+01
   25   0.6811517E+01  -0.6975168E+01   0.3296816E+01
   26   0.4883052E+01  -0.8697275E+01   0.7278280E+01
   27   0.5022703E+01  -0.7687594E+01   0.1255364E+02
   28   0.7333838E+01  -0.4987932E+01   0.1570003E+02
   29   0.1155303E+02  -0.1349453E+01   0.9797284E+01
   30   0.1029145E+01  -0.2231766E+01   0.3152441E+01
   31   0.2732355E+01  -0.2350252E+01   0.2469872E+00
   32   0.1367028E+01   0.5338476E+00   0.1305612E+01
   33   0.1232498E+02   0.3469159E+01   0.4223916E+01
   34   0.1568813E+02   0.2947028E+01  -0.4157397E-02
   35   0.1527428E+02   0.5681461E+01   0.1908812E+01
   36   0.1331728E+02   0.5192400E+01  -0.7814017E+00
 Initial ssvpot =     0.562


 Number of unique UNfrozen centers=   36

 Non-linear optimization requested.
 qchnge =    0.4320260185E-01
 qchnge =    0.6827366908E-02
 qchnge =    0.1823517148E-02
 qchnge =    0.6419978792E-03
 qchnge =    0.2458534841E-03
 qchnge =    0.9765294700E-04
 qchnge =    0.3963440191E-04
 qchnge =    0.1634159962E-04
 qchnge =    0.6822392120E-05
 qchnge =    0.2877115942E-05
 qchnge =    0.1223210648E-05
 qchnge =    0.5234238623E-06

 Convergence in   11 iterations


Resp charges for organic molecule                                               

          Point Charges Before & After Optimization

    no.  At.no.    q(init)       q(opt)     ivary    d(rstr)/dq
    1   6       0.000000       0.280923      0       0.001677
    2   7       0.000000      -0.309993      0       0.001535
    3   6       0.000000      -0.004929      0       0.004994
    4   6       0.000000       0.001683      0       0.004999
    5   6       0.000000      -0.115870      0       0.003267
    6   6       0.000000      -0.203945      0       0.002201
    7   7       0.000000      -0.190922      0       0.002320
    8   6       0.000000       0.104915      0       0.003450
    9   6       0.000000      -0.262427      0       0.001780
   10   6       0.000000      -0.124945      0       0.003124
   11   6       0.000000       0.143641      0       0.002857
   12   6       0.000000      -0.159073      0       0.002661
   13   6       0.000000       0.043003      0       0.004593
   14   8       0.000000      -0.447062      0       0.001091
   15   9       0.000000      -0.163338      0       0.002611
   16   6       0.000000       0.459300      0       0.001064
   17   8       0.000000      -0.476366      0       0.001027
   18   6       0.000000      -0.350663      0       0.001371
   19   7       0.000000      -0.187395      0       0.002354
   20   6       0.000000      -0.297972      0       0.001591
   21   1       0.000000       0.262434      0       0.000000
   22   1       0.000000       0.074470      0       0.000000
   23   1       0.000000       0.027620      0       0.000000
   24   1       0.000000       0.069708      0       0.000000
   25   1       0.000000       0.170903      0       0.000000
   26   1       0.000000       0.289733      0       0.000000
   27   1       0.000000       0.154822      0       0.000000
   28   1       0.000000       0.130906      0       0.000000
   29   1       0.000000       0.126985      0       0.000000
   30   1       0.000000       0.114829      0       0.000000
   31   1       0.000000       0.081696      0       0.000000
   32   1       0.000000       0.114989      0       0.000000
   33   1       0.000000       0.262073      0       0.000000
   34   1       0.000000       0.133761      0       0.000000
   35   1       0.000000       0.115692      0       0.000000
   36   1       0.000000       0.130814      0       0.000000

 Sum over the calculated charges:     -0.000

        Statistics of the fitting:
  The initial sum of squares (ssvpot)                      0.562
  The residual sum of squares (chipot)                     0.003
  The std err of estimate (sqrt(chipot/N))               0.00152
  ESP relative RMS (SQRT(chipot/ssvpot))                 0.07877

 Center of Mass (Angst.):

 X  =   0.00000      Y  =   0.00000      Z  =   0.00000

 Dipole (Debye):

 X  =   0.10893      Y  =  -1.60458      Z  =  -1.88602

 Dipole Moment (Debye)=   2.47863

 Quadrupole (Debye*Angst.):

 Qxx =  20.51749     QYY =  59.49431     QZZ = -80.01179
 Qxy =  11.51566     QXZ = -42.09320     QYZ = -45.08380
